2024-11-11 20:09:44,315 INFO: Preparing route data for analysis [in /Users/nidhipai/go-guardian/backend/app/routes/safety_routes.py:58]
2024-11-11 20:09:44,668 INFO: Analyzing area for location: {'lat': 37.42766, 'lng': -122.17006, 'address': '450 Jane Stanford Way, Stanford, CA 94305, USA'} [in /Users/nidhipai/go-guardian/backend/app/routes/safety_routes.py:191]
2024-11-11 20:09:45,190 INFO: Preparing route data for analysis [in /Users/nidhipai/go-guardian/backend/app/routes/safety_routes.py:58]
2024-11-11 20:09:45,623 INFO: Analyzing area for location: {'lat': 37.42766, 'lng': -122.17006, 'address': '450 Jane Stanford Way, Stanford, CA 94305, USA'} [in /Users/nidhipai/go-guardian/backend/app/routes/safety_routes.py:191]
2024-11-11 20:09:59,038 INFO: Preparing route data for analysis [in /Users/nidhipai/go-guardian/backend/app/routes/safety_routes.py:58]
2024-11-11 20:09:59,449 INFO: Analyzing area for location: {'lat': 37.7855867, 'lng': -122.4146535, 'address': 'Tenderloin, San Francisco, CA, USA'} [in /Users/nidhipai/go-guardian/backend/app/routes/safety_routes.py:191]
2024-11-11 20:10:11,979 INFO: Preparing route data for analysis [in /Users/nidhipai/go-guardian/backend/app/routes/safety_routes.py:58]
2024-11-11 20:10:35,558 INFO: Preparing route data for analysis [in /Users/nidhipai/go-guardian/backend/app/routes/safety_routes.py:58]
2024-11-11 20:10:35,969 INFO: Analyzing area for location: {'lat': 37.4218596, 'lng': -122.096419, 'address': '2410 Charleston Rd, Mountain View, CA 94043, USA'} [in /Users/nidhipai/go-guardian/backend/app/routes/safety_routes.py:191]
2024-11-11 20:10:50,850 INFO: Preparing route data for analysis [in /Users/nidhipai/go-guardian/backend/app/routes/safety_routes.py:58]
2024-11-11 20:10:51,262 INFO: Analyzing area for location: {'lat': 37.4862495, 'lng': -122.2298896, 'address': '2227 Broadway, Redwood City, CA 94063, USA'} [in /Users/nidhipai/go-guardian/backend/app/routes/safety_routes.py:191]
2024-11-11 20:12:09,604 INFO: Preparing route data for analysis [in /Users/nidhipai/go-guardian/backend/app/routes/safety_routes.py:58]
2024-11-11 20:12:10,031 INFO: Analyzing area for location: {'lat': 37.4860853, 'lng': -122.2296252, 'address': '2227 Broadway, Redwood City, CA 94063, USA'} [in /Users/nidhipai/go-guardian/backend/app/routes/safety_routes.py:191]
2024-11-11 20:12:35,336 INFO: Preparing route data for analysis [in /Users/nidhipai/go-guardian/backend/app/routes/safety_routes.py:58]
2024-11-11 20:12:35,339 INFO: Preparing route data for analysis [in /Users/nidhipai/go-guardian/backend/app/routes/safety_routes.py:58]
2024-11-11 20:12:35,665 INFO: Analyzing area for location: {'lat': 37.4218596, 'lng': -122.096419, 'address': '2410 Charleston Rd, Mountain View, CA 94043, USA'} [in /Users/nidhipai/go-guardian/backend/app/routes/safety_routes.py:191]
2024-11-11 20:12:36,422 INFO: Preparing route data for analysis [in /Users/nidhipai/go-guardian/backend/app/routes/safety_routes.py:58]
2024-11-11 20:12:36,479 INFO: Preparing route data for analysis [in /Users/nidhipai/go-guardian/backend/app/routes/safety_routes.py:58]
2024-11-11 20:12:36,836 INFO: Analyzing area for location: {'lat': 37.4218108, 'lng': -122.0964274, 'address': '2410 Charleston Rd, Mountain View, CA 94043, USA'} [in /Users/nidhipai/go-guardian/backend/app/routes/safety_routes.py:191]
2024-11-11 20:14:02,648 INFO: Preparing route data for analysis [in /Users/nidhipai/go-guardian/backend/app/routes/safety_routes.py:58]
2024-11-11 20:14:03,053 INFO: Analyzing area for location: {'lat': 37.4218108, 'lng': -122.0964274, 'address': '2410 Charleston Rd, Mountain View, CA 94043, USA'} [in /Users/nidhipai/go-guardian/backend/app/routes/safety_routes.py:191]
